<?xml version="1.0" encoding="UTF-8"?>
<!-- Generated by org.testng.reporters.JUnitXMLReporter -->
<testsuite hostname="Pallavi" ignored="0" name="Account Test" tests="4" failures="0" timestamp="02 Sep 2021 07:51:25 GMT" time="20.427" errors="0">
  <testcase name="verifyAccountPageTitle" time="0.171" classname="com.qa.parabank.Tests.AccountPageTest"/>
  <testcase name="verifyAccountText" time="0.289" classname="com.qa.parabank.Tests.AccountPageTest"/>
  <testcase name="verifyAccountQuestion" time="0.137" classname="com.qa.parabank.Tests.AccountPageTest"/>
  <testcase name="verifyAccountOpened" time="2.325" classname="com.qa.parabank.Tests.AccountPageTest"/>
</testsuite> <!-- Account Test -->
