<?xml version="1.0" encoding="UTF-8"?>
<!-- Generated by org.testng.reporters.JUnitXMLReporter -->
<testsuite hostname="Pallavi" ignored="0" name="Home page Test" tests="6" failures="0" timestamp="02 Sep 2021 07:51:02 GMT" time="25.024" errors="0">
  <testcase name="verifyPageTitle" time="0.043" classname="com.qa.parabank.Tests.HomePageTest"/>
  <testcase name="verifyWelcomeMessage" time="0.346" classname="com.qa.parabank.Tests.HomePageTest"/>
  <testcase name="verifyOverViewMessage" time="0.272" classname="com.qa.parabank.Tests.HomePageTest"/>
  <testcase name="verifyOverviewServiceMessage" time="0.081" classname="com.qa.parabank.Tests.HomePageTest"/>
  <testcase name="verifyOverViewServicesList" time="0.367" classname="com.qa.parabank.Tests.HomePageTest"/>
  <testcase name="verifyAccountDetail" time="0.164" classname="com.qa.parabank.Tests.HomePageTest"/>
</testsuite> <!-- Home page Test -->
